<?xml version="1.0" encoding="UTF-8" ?>
<testsuite failures="0" time="0.001" errors="0" skipped="0" tests="3" name="wsattacker.main.plugin.option.TestBasicOptions">
  <properties>
[...]
</properties>
  <testcase time="0" classname="wsattacker.main.plugin.option.TestBasicOptions" name="optionInteger"/>
  <testcase time="0" classname="wsattacker.main.plugin.option.TestBasicOptions" name="optionLimitedInteger"/>
  <testcase time="0" classname="wsattacker.main.plugin.option.TestBasicOptions" name="optionVarchar"/>
</testsuite>